# JRE version: Java(TM) SE Runtime Environment (8.0_92-b14) (build 1.8.0_92-b14)
# Java VM: Java HotSpot(TM) 64-Bit Server VM (25.92-b14 mixed mode linux-amd64 compressed oops)
Heap:
 PSYoungGen      total 1165312K, used 0K [0x0000000755580000, 0x00000007c0000000, 0x00000007c0000000)
  eden space 583168K, 0% used [0x0000000755580000,0x0000000755580000,0x0000000778f00000)
  from space 582144K, 0% used [0x0000000778f00000,0x0000000778f00000,0x000000079c780000)
  to   space 582144K, 0% used [0x000000079c780000,0x000000079c780000,0x00000007c0000000)
 ParOldGen       total 3076608K, used 3057011K [0x0000000680000000, 0x000000073bc80000, 0x0000000755580000)
  object space 3076608K, 99% used [0x0000000680000000,0x000000073a95cf40,0x000000073bc80000)
 Metaspace       used 4517K, capacity 4822K, committed 4992K, reserved 1056768K
  class space    used 499K, capacity 545K, committed 640K, reserved 1048576K
GC Heap History (10 events):
Event: 38.941 GC heap after
Heap after GC invocations=32 (full 6):
 PSYoungGen      total 1018880K, used 435704K [0x0000000755580000, 0x00000007c0000000, 0x00000007c0000000)
  eden space 583168K, 0% used [0x0000000755580000,0x0000000755580000,0x0000000778f00000)
  from space 435712K, 99% used [0x00000007a5680000,0x00000007bfffe200,0x00000007c0000000)
  to   space 582144K, 0% used [0x0000000778f00000,0x0000000778f00000,0x000000079c780000)
 ParOldGen       total 2308608K, used 1825020K [0x0000000680000000, 0x000000070ce80000, 0x0000000755580000)
  object space 2308608K, 79% used [0x0000000680000000,0x00000006ef63f3c8,0x000000070ce80000)
 Metaspace       used 4517K, capacity 4822K, committed 4992K, reserved 1056768K
  class space    used 499K, capacity 545K, committed 640K, reserved 1048576K
}
Event: 40.816 GC heap before
{Heap before GC invocations=33 (full 6):
 PSYoungGen      total 1018880K, used 1018872K [0x0000000755580000, 0x00000007c0000000, 0x00000007c0000000)
  eden space 583168K, 100% used [0x0000000755580000,0x0000000778f00000,0x0000000778f00000)
  from space 435712K, 99% used [0x00000007a5680000,0x00000007bfffe200,0x00000007c0000000)
  to   space 582144K, 0% used [0x0000000778f00000,0x0000000778f00000,0x000000079c780000)
 ParOldGen       total 2308608K, used 1825020K [0x0000000680000000, 0x000000070ce80000, 0x0000000755580000)
  object space 2308608K, 79% used [0x0000000680000000,0x00000006ef63f3c8,0x000000070ce80000)
 Metaspace       used 4517K, capacity 4822K, committed 4992K, reserved 1056768K
  class space    used 499K, capacity 545K, committed 640K, reserved 1048576K
Event: 42.026 GC heap after
Heap after GC invocations=33 (full 6):
 PSYoungGen      total 1165312K, used 300996K [0x0000000755580000, 0x00000007c0000000, 0x00000007c0000000)
  eden space 583168K, 0% used [0x0000000755580000,0x0000000755580000,0x0000000778f00000)
  from space 582144K, 51% used [0x0000000778f00000,0x000000078b4f12f0,0x000000079c780000)
  to   space 582144K, 0% used [0x000000079c780000,0x000000079c780000,0x00000007c0000000)
 ParOldGen       total 2308608K, used 2245732K [0x0000000680000000, 0x000000070ce80000, 0x0000000755580000)
  object space 2308608K, 97% used [0x0000000680000000,0x00000007091193c8,0x000000070ce80000)
 Metaspace       used 4517K, capacity 4822K, committed 4992K, reserved 1056768K
  class space    used 499K, capacity 545K, committed 640K, reserved 1048576K
}
Event: 42.026 GC heap before
{Heap before GC invocations=34 (full 7):
 PSYoungGen      total 1165312K, used 300996K [0x0000000755580000, 0x00000007c0000000, 0x00000007c0000000)
  eden space 583168K, 0% used [0x0000000755580000,0x0000000755580000,0x0000000778f00000)
  from space 582144K, 51% used [0x0000000778f00000,0x000000078b4f12f0,0x000000079c780000)
  to   space 582144K, 0% used [0x000000079c780000,0x000000079c780000,0x00000007c0000000)
 ParOldGen       total 2308608K, used 2245732K [0x0000000680000000, 0x000000070ce80000, 0x0000000755580000)
  object space 2308608K, 97% used [0x0000000680000000,0x00000007091193c8,0x000000070ce80000)
 Metaspace       used 4517K, capacity 4822K, committed 4992K, reserved 1056768K
  class space    used 499K, capacity 545K, committed 640K, reserved 1048576K
Event: 51.704 GC heap after
Heap after GC invocations=34 (full 7):
 PSYoungGen      total 1165312K, used 221875K [0x0000000755580000, 0x00000007c0000000, 0x00000007c0000000)
  eden space 583168K, 0% used [0x0000000755580000,0x0000000755580000,0x0000000778f00000)
  from space 582144K, 38% used [0x0000000778f00000,0x00000007867acea0,0x000000079c780000)
  to   space 582144K, 0% used [0x000000079c780000,0x000000079c780000,0x00000007c0000000)
 ParOldGen       total 3076608K, used 2308345K [0x0000000680000000, 0x000000073bc80000, 0x0000000755580000)
  object space 3076608K, 75% used [0x0000000680000000,0x000000070ce3e6e0,0x000000073bc80000)
 Metaspace       used 4517K, capacity 4822K, committed 4992K, reserved 1056768K
  class space    used 499K, capacity 545K, committed 640K, reserved 1048576K
}
Event: 53.801 GC heap before
{Heap before GC invocations=35 (full 7):
 PSYoungGen      total 1165312K, used 805043K [0x0000000755580000, 0x00000007c0000000, 0x00000007c0000000)
  eden space 583168K, 100% used [0x0000000755580000,0x0000000778f00000,0x0000000778f00000)
  from space 582144K, 38% used [0x0000000778f00000,0x00000007867acea0,0x000000079c780000)
  to   space 582144K, 0% used [0x000000079c780000,0x000000079c780000,0x00000007c0000000)
 ParOldGen       total 3076608K, used 2308345K [0x0000000680000000, 0x000000073bc80000, 0x0000000755580000)
  object space 3076608K, 75% used [0x0000000680000000,0x000000070ce3e6e0,0x000000073bc80000)
 Metaspace       used 4517K, capacity 4822K, committed 4992K, reserved 1056768K
  class space    used 499K, capacity 545K, committed 640K, reserved 1048576K
Event: 55.164 GC heap after
Heap after GC invocations=35 (full 7):
 PSYoungGen      total 1165312K, used 273088K [0x0000000755580000, 0x00000007c0000000, 0x00000007c0000000)
  eden space 583168K, 0% used [0x0000000755580000,0x0000000755580000,0x0000000778f00000)
  from space 582144K, 46% used [0x000000079c780000,0x00000007ad230000,0x00000007c0000000)
  to   space 582144K, 0% used [0x0000000778f00000,0x0000000778f00000,0x000000079c780000)
 ParOldGen       total 3076608K, used 2531105K [0x0000000680000000, 0x000000073bc80000, 0x0000000755580000)
  object space 3076608K, 82% used [0x0000000680000000,0x000000071a7c86e0,0x000000073bc80000)
 Metaspace       used 4517K, capacity 4822K, committed 4992K, reserved 1056768K
  class space    used 499K, capacity 545K, committed 640K, reserved 1048576K
}
Event: 57.098 GC heap before
{Heap before GC invocations=36 (full 7):
 PSYoungGen      total 1165312K, used 856256K [0x0000000755580000, 0x00000007c0000000, 0x00000007c0000000)
  eden space 583168K, 100% used [0x0000000755580000,0x0000000778f00000,0x0000000778f00000)
  from space 582144K, 46% used [0x000000079c780000,0x00000007ad230000,0x00000007c0000000)
  to   space 582144K, 0% used [0x0000000778f00000,0x0000000778f00000,0x000000079c780000)
 ParOldGen       total 3076608K, used 2531105K [0x0000000680000000, 0x000000073bc80000, 0x0000000755580000)
  object space 3076608K, 82% used [0x0000000680000000,0x000000071a7c86e0,0x000000073bc80000)
 Metaspace       used 4517K, capacity 4822K, committed 4992K, reserved 1056768K
  class space    used 499K, capacity 545K, committed 640K, reserved 1048576K
Event: 58.148 GC heap after
Heap after GC invocations=36 (full 7):
 PSYoungGen      total 1165312K, used 278423K [0x0000000755580000, 0x00000007c0000000, 0x00000007c0000000)
  eden space 583168K, 0% used [0x0000000755580000,0x0000000755580000,0x0000000778f00000)
  from space 582144K, 47% used [0x0000000778f00000,0x0000000789ee5c60,0x000000079c780000)
  to   space 582144K, 0% used [0x000000079c780000,0x000000079c780000,0x00000007c0000000)
 ParOldGen       total 3076608K, used 2804969K [0x0000000680000000, 0x000000073bc80000, 0x0000000755580000)
  object space 3076608K, 91% used [0x0000000680000000,0x000000072b33a6e0,0x000000073bc80000)
 Metaspace       used 4517K, capacity 4822K, committed 4992K, reserved 1056768K
  class space    used 499K, capacity 545K, committed 640K, reserved 1048576K
}
Event: 58.148 GC heap before
{Heap before GC invocations=37 (full 8):
 PSYoungGen      total 1165312K, used 278423K [0x0000000755580000, 0x00000007c0000000, 0x00000007c0000000)
  eden space 583168K, 0% used [0x0000000755580000,0x0000000755580000,0x0000000778f00000)
  from space 582144K, 47% used [0x0000000778f00000,0x0000000789ee5c60,0x000000079c780000)
  to   space 582144K, 0% used [0x000000079c780000,0x000000079c780000,0x00000007c0000000)
 ParOldGen       total 3076608K, used 2804969K [0x0000000680000000, 0x000000073bc80000, 0x0000000755580000)
  object space 3076608K, 91% used [0x0000000680000000,0x000000072b33a6e0,0x000000073bc80000)
 Metaspace       used 4517K, capacity 4822K, committed 4992K, reserved 1056768K
  class space    used 499K, capacity 545K, committed 640K, reserved 1048576K

